????? ??, ???? ?:??:?? ? biz.ganttproject.LoggerImpl debug
FINE: Creating main frame...
????? ??, ???? ?:??:?? ? biz.ganttproject.LoggerImpl debug
FINE: 1. loading look'n'feels
????? ??, ???? ?:??:?? ? biz.ganttproject.LoggerImpl debug
FINE: 2. loading options
????? ??, ???? ?:??:?? ? biz.ganttproject.LoggerImpl debug
FINE: 3. creating menus...
????? ??, ???? ?:??:?? ? biz.ganttproject.LoggerImpl debug
FINE: 4. creating views...
????? ??, ???? ?:??:?? ? biz.ganttproject.LoggerImpl debug
FINE: 5. calculating size and packing...
????? ??, ???? ?:??:?? ? biz.ganttproject.LoggerImpl debug
FINE: 6. changing language ...
????? ??, ???? ?:??:?? ? biz.ganttproject.LoggerImpl debug
FINE: 7. first attempt to restore bounds
????? ??, ???? ?:??:?? ? biz.ganttproject.LoggerImpl debug
FINE: 8. finalizing...
????? ??, ???? ?:??:?? ? com.bardsoftware.eclipsito.update.DownloadWorker downloadZip
INFO: Will download ???????? bytes and save as file C:\Users\SQY\AppData\Local\Temp\ganttproject-update14699057068413217913zip
????? ??, ???? ?:??:?? ? com.bardsoftware.eclipsito.update.DownloadWorker downloadZip
INFO: Will download ???????? bytes and save as file C:\Users\SQY\AppData\Local\Temp\ganttproject-update3885449952652472365zip
????? ??, ???? ?:??:?? ? com.bardsoftware.eclipsito.update.DownloadWorker downloadZip
INFO: Will download ??????? bytes and save as file C:\Users\SQY\AppData\Local\Temp\ganttproject-update13917469620000442647zip
????? ??, ???? ?:??:?? ? net.sourceforge.ganttproject.GPLogger log
INFO: [GanttOptions] save(): finished!!
????? ??, ???? ?:??:?? ? biz.ganttproject.LoggerImpl debug
FINE: Creating main frame...
????? ??, ???? ?:??:?? ? biz.ganttproject.LoggerImpl debug
FINE: 1. loading look'n'feels
????? ??, ???? ?:??:?? ? biz.ganttproject.LoggerImpl debug
FINE: 2. loading options
????? ??, ???? ?:??:?? ? biz.ganttproject.LoggerImpl debug
FINE: 3. creating menus...
????? ??, ???? ?:??:?? ? biz.ganttproject.LoggerImpl debug
FINE: 4. creating views...
????? ??, ???? ?:??:?? ? biz.ganttproject.LoggerImpl debug
FINE: 5. calculating size and packing...
????? ??, ???? ?:??:?? ? biz.ganttproject.LoggerImpl debug
FINE: 6. changing language ...
????? ??, ???? ?:??:?? ? biz.ganttproject.LoggerImpl debug
FINE: 7. first attempt to restore bounds
????? ??, ???? ?:??:?? ? biz.ganttproject.LoggerImpl debug
FINE: 8. finalizing...
????? ??, ???? ?:??:?? ? net.sourceforge.ganttproject.GPLogger log
INFO: Deleting old auto-save files
????? ??, ???? ?:??:?? ? net.sourceforge.ganttproject.GPLogger log
INFO: [GanttOptions] save(): finished!!
